<?xml version="1.0" encoding="UTF-8"?>
<!-- Generated by org.testng.reporters.JUnitReportReporter -->
<testsuite hostname="Arnabs-MacBook-Air.local" failures="0" tests="1" name="testClasses.TC_001_LoginHardCoded" time="1.398" errors="0" timestamp="2024-06-30T17:33:11 IST" skipped="0">
  <testcase classname="testClasses.TC_001_LoginHardCoded" name="TC_001_LoginHC" time="1.398"/>
</testsuite> <!-- testClasses.TC_001_LoginHardCoded -->
