<?xml version="1.0" encoding="UTF-8"?>
<!-- Generated by org.testng.reporters.JUnitReportReporter -->
<testsuite hostname="Arnabs-MacBook-Air.local" failures="0" tests="1" name="testClasses.TC_001_LoginHardCoded" time="1.525" errors="0" timestamp="2024-07-01T01:38:44 IST" skipped="0">
  <testcase classname="testClasses.TC_001_LoginHardCoded" name="TC_001_LoginHC" time="1.525"/>
</testsuite> <!-- testClasses.TC_001_LoginHardCoded -->
